<?xml version="1.0" encoding="UTF-8"?>
<!-- Generated by org.testng.reporters.JUnitReportReporter -->
<testsuite hostname="LAPTOP-UC9MFUO7" failures="0" tests="2" name="tempTestPack.AbeClassNG" time="14.731" errors="0" timestamp="2022-09-09T01:42:03 IST" skipped="0">
  <testcase classname="tempTestPack.AbeClassNG" name="verifyDmodelingButton" time="7.077"/>
  <system-out/>
  <testcase classname="tempTestPack.AbeClassNG" name="verifyAmazonRekognitionButton" time="7.654"/>
  <system-out/>
</testsuite> <!-- tempTestPack.AbeClassNG -->
