<?xml version="1.0" encoding="UTF-8"?>
<!-- Generated by org.testng.reporters.JUnitReportReporter -->
<testsuite hostname="LAPTOP-UC9MFUO7" failures="0" tests="2" name="tempTestPack.TestNG" time="16.092" errors="0" timestamp="2022-09-08T18:38:48 IST" skipped="0">
  <testcase classname="tempTestPack.TestNG" name="verifyHelpCentreButton" time="2.887"/>
  <system-out/>
  <testcase classname="tempTestPack.TestNG" name="verifyReturnToMessengerPageButton" time="13.205"/>
  <system-out/>
</testsuite> <!-- tempTestPack.TestNG -->
