<?xml version="1.0" encoding="UTF-8"?>
<!-- Generated by org.testng.reporters.JUnitReportReporter -->
<testsuite hostname="LAPTOP-UC9MFUO7" failures="0" tests="1" name="tempTestPack.OpenAbeBook" time="6.822" errors="0" timestamp="2022-09-09T01:44:03 IST" skipped="0">
  <testcase classname="tempTestPack.OpenAbeBook" name="verifyRareBooksButton" time="6.822"/>
  <system-out/>
</testsuite> <!-- tempTestPack.OpenAbeBook -->
